<?xml version="1.0" encoding="UTF-8"?>
<!-- Generated by org.testng.reporters.JUnitXMLReporter -->
<testsuite ignored="0" hostname="vadlapudis-MacBook-Air.local" failures="2" tests="2" name="Complete test run" time="24.621" errors="0" timestamp="2026-04-19T16:17:12 IST">
  <testcase classname="io.cucumber.testng.AbstractTestNGCucumberTests" name="runScenario" time="11.726">
    <failure type="org.openqa.selenium.SessionNotCreatedException" message="Could not start a new session. Response code 500. Message: session not created: This version of ChromeDriver only supports Chrome version 114
Current browser version is 147.0.7727.57 with binary path /Applications/Google Chrome.app/Contents/MacOS/Google Chrome
Build info: version: &amp;apos;4.0.0-beta-2&amp;apos;, revision: &amp;apos;4ec0cfc112&amp;apos;
System info: host: &amp;apos;vadlapudis-MacBook-Air.local&amp;apos;, ip: &amp;apos;2405:201:c008:b123:54c5:2159:f69f:7611%en0&amp;apos;, os.name: &amp;apos;Mac OS X&amp;apos;, os.arch: &amp;apos;aarch64&amp;apos;, os.version: &amp;apos;26.4.1&amp;apos;, java.version: &amp;apos;21.0.9&amp;apos;
Driver info: org.openqa.selenium.chrome.ChromeDriver
Command: [null, newSession {desiredCapabilities=Capabilities {browserName: chrome}}]
Capabilities {}">
      <![CDATA[org.openqa.selenium.SessionNotCreatedException: Could not start a new session. Response code 500. Message: session not created: This version of ChromeDriver only supports Chrome version 114
Current browser version is 147.0.7727.57 with binary path /Applications/Google Chrome.app/Contents/MacOS/Google Chrome
Build info: version: '4.0.0-beta-2', revision: '4ec0cfc112'
System info: host: 'vadlapudis-MacBook-Air.local', ip: '2405:201:c008:b123:54c5:2159:f69f:7611%en0', os.name: 'Mac OS X', os.arch: 'aarch64', os.version: '26.4.1', java.version: '21.0.9'
Driver info: org.openqa.selenium.chrome.ChromeDriver
Command: [null, newSession {desiredCapabilities=Capabilities {browserName: chrome}}]
Capabilities {}
at org.openqa.selenium.remote.ProtocolHandshake.createSession(ProtocolHandshake.java:126)
at org.openqa.selenium.remote.ProtocolHandshake.createSession(ProtocolHandshake.java:84)
at org.openqa.selenium.remote.ProtocolHandshake.createSession(ProtocolHandshake.java:62)
at org.openqa.selenium.remote.HttpCommandExecutor.execute(HttpCommandExecutor.java:159)
at org.openqa.selenium.remote.service.DriverCommandExecutor.invokeExecute(DriverCommandExecutor.java:153)
at org.openqa.selenium.remote.service.DriverCommandExecutor.execute(DriverCommandExecutor.java:128)
at org.openqa.selenium.remote.RemoteWebDriver.execute(RemoteWebDriver.java:620)
at org.openqa.selenium.remote.RemoteWebDriver.startSession(RemoteWebDriver.java:252)
at org.openqa.selenium.remote.RemoteWebDriver.<init>(RemoteWebDriver.java:174)
at org.openqa.selenium.chromium.ChromiumDriver.<init>(ChromiumDriver.java:82)
at org.openqa.selenium.chrome.ChromeDriver.<init>(ChromeDriver.java:99)
at org.openqa.selenium.chrome.ChromeDriver.<init>(ChromeDriver.java:86)
at org.openqa.selenium.chrome.ChromeDriver.<init>(ChromeDriver.java:75)
at steps.Hook.InitializeTest(Hook.java:38)
]]>
    </failure>
  </testcase> <!-- runScenario -->
  <testcase classname="io.cucumber.testng.AbstractTestNGCucumberTests" name="runScenario" time="9.204">
    <failure type="org.openqa.selenium.SessionNotCreatedException" message="Could not start a new session. Response code 500. Message: session not created: This version of ChromeDriver only supports Chrome version 114
Current browser version is 147.0.7727.57 with binary path /Applications/Google Chrome.app/Contents/MacOS/Google Chrome
Build info: version: &amp;apos;4.0.0-beta-2&amp;apos;, revision: &amp;apos;4ec0cfc112&amp;apos;
System info: host: &amp;apos;vadlapudis-MacBook-Air.local&amp;apos;, ip: &amp;apos;2405:201:c008:b123:54c5:2159:f69f:7611%en0&amp;apos;, os.name: &amp;apos;Mac OS X&amp;apos;, os.arch: &amp;apos;aarch64&amp;apos;, os.version: &amp;apos;26.4.1&amp;apos;, java.version: &amp;apos;21.0.9&amp;apos;
Driver info: org.openqa.selenium.chrome.ChromeDriver
Command: [null, newSession {desiredCapabilities=Capabilities {browserName: chrome}}]
Capabilities {}">
      <![CDATA[org.openqa.selenium.SessionNotCreatedException: Could not start a new session. Response code 500. Message: session not created: This version of ChromeDriver only supports Chrome version 114
Current browser version is 147.0.7727.57 with binary path /Applications/Google Chrome.app/Contents/MacOS/Google Chrome
Build info: version: '4.0.0-beta-2', revision: '4ec0cfc112'
System info: host: 'vadlapudis-MacBook-Air.local', ip: '2405:201:c008:b123:54c5:2159:f69f:7611%en0', os.name: 'Mac OS X', os.arch: 'aarch64', os.version: '26.4.1', java.version: '21.0.9'
Driver info: org.openqa.selenium.chrome.ChromeDriver
Command: [null, newSession {desiredCapabilities=Capabilities {browserName: chrome}}]
Capabilities {}
at org.openqa.selenium.remote.ProtocolHandshake.createSession(ProtocolHandshake.java:126)
at org.openqa.selenium.remote.ProtocolHandshake.createSession(ProtocolHandshake.java:84)
at org.openqa.selenium.remote.ProtocolHandshake.createSession(ProtocolHandshake.java:62)
at org.openqa.selenium.remote.HttpCommandExecutor.execute(HttpCommandExecutor.java:159)
at org.openqa.selenium.remote.service.DriverCommandExecutor.invokeExecute(DriverCommandExecutor.java:153)
at org.openqa.selenium.remote.service.DriverCommandExecutor.execute(DriverCommandExecutor.java:128)
at org.openqa.selenium.remote.RemoteWebDriver.execute(RemoteWebDriver.java:620)
at org.openqa.selenium.remote.RemoteWebDriver.startSession(RemoteWebDriver.java:252)
at org.openqa.selenium.remote.RemoteWebDriver.<init>(RemoteWebDriver.java:174)
at org.openqa.selenium.chromium.ChromiumDriver.<init>(ChromiumDriver.java:82)
at org.openqa.selenium.chrome.ChromeDriver.<init>(ChromeDriver.java:99)
at org.openqa.selenium.chrome.ChromeDriver.<init>(ChromeDriver.java:86)
at org.openqa.selenium.chrome.ChromeDriver.<init>(ChromeDriver.java:75)
at steps.Hook.InitializeTest(Hook.java:38)
]]>
    </failure>
  </testcase> <!-- runScenario -->
</testsuite> <!-- Complete test run -->
